GROUP,PACKAGE,CLASS,INSTRUCTION_MISSED,INSTRUCTION_COVERED,BRANCH_MISSED,BRANCH_COVERED,LINE_MISSED,LINE_COVERED,COMPLEXITY_MISSED,COMPLEXITY_COVERED,METHOD_MISSED,METHOD_COVERED
Dependency-Check Command Line/dependency-check-core,org.owasp.dependencycheck,Engine,288,845,30,76,71,218,33,62,9,33
Dependency-Check Command Line/dependency-check-core,org.owasp.dependencycheck,Engine.Mode,9,103,0,0,0,10,2,4,2,4
Dependency-Check Command Line/dependency-check-core,org.owasp.dependencycheck,AnalysisTask,57,66,0,4,8,20,0,6,0,4
Dependency-Check Command Line/dependency-check-core,org.owasp.dependencycheck.analyzer,NuspecAnalyzer,42,106,8,4,3,25,6,8,0,8
Dependency-Check Command Line/dependency-check-core,org.owasp.dependencycheck.analyzer,AbstractSuppressionAnalyzer,120,195,23,21,21,52,16,15,2,7
Dependency-Check Command Line/dependency-check-core,org.owasp.dependencycheck.analyzer,OpenSSLAnalyzer,12,192,4,10,3,31,4,13,0,10
Dependency-Check Command Line/dependency-check-core,org.owasp.dependencycheck.analyzer,PythonPackageAnalyzer,7,294,3,15,2,63,3,19,0,13
Dependency-Check Command Line/dependency-check-core,org.owasp.dependencycheck.analyzer,RubyGemspecAnalyzer,71,230,12,10,17,47,9,13,1,10
Dependency-Check Command Line/dependency-check-core,org.owasp.dependencycheck.analyzer,NodePackageAnalyzer,55,195,10,12,6,42,8,12,0,9
Dependency-Check Command Line/dependency-check-core,org.owasp.dependencycheck.analyzer,DependencyMergingAnalyzer,31,255,16,44,10,54,17,26,1,12
Dependency-Check Command Line/dependency-check-core,org.owasp.dependencycheck.analyzer,AbstractFileTypeAnalyzer,9,58,1,7,2,20,2,9,1,6
Dependency-Check Command Line/dependency-check-core,org.owasp.dependencycheck.analyzer,CMakeAnalyzer,11,294,1,9,4,67,1,14,0,10
Dependency-Check Command Line/dependency-check-core,org.owasp.dependencycheck.analyzer,AssemblyAnalyzer,451,247,61,19,92,58,39,12,1,10
Dependency-Check Command Line/dependency-check-core,org.owasp.dependencycheck.analyzer,VulnerabilitySuppressionAnalyzer,1,35,2,4,1,10,2,7,0,6
Dependency-Check Command Line/dependency-check-core,org.owasp.dependencycheck.analyzer,ComposerLockAnalyzer,44,189,6,4,3,37,4,10,0,9
Dependency-Check Command Line/dependency-check-core,org.owasp.dependencycheck.analyzer,AnalyzerService,5,69,0,8,2,21,0,9,0,5
Dependency-Check Command Line/dependency-check-core,org.owasp.dependencycheck.analyzer,AbstractAnalyzer,9,56,0,6,3,22,0,13,0,10
Dependency-Check Command Line/dependency-check-core,org.owasp.dependencycheck.analyzer,CocoaPodsAnalyzer,7,203,3,9,2,43,3,13,0,10
Dependency-Check Command Line/dependency-check-core,org.owasp.dependencycheck.analyzer,AnalysisPhase,5,123,0,0,0,12,1,3,1,3
Dependency-Check Command Line/dependency-check-core,org.owasp.dependencycheck.analyzer,CPEAnalyzer,97,977,22,112,31,203,21,67,0,21
Dependency-Check Command Line/dependency-check-core,org.owasp.dependencycheck.analyzer,AutoconfAnalyzer,11,285,6,28,2,60,5,23,0,11
Dependency-Check Command Line/dependency-check-core,org.owasp.dependencycheck.analyzer,VersionFilterAnalyzer,0,231,1,67,0,34,1,39,0,6
Dependency-Check Command Line/dependency-check-core,org.owasp.dependencycheck.analyzer,ArchiveAnalyzer,539,734,83,83,83,154,63,39,0,19
Dependency-Check Command Line/dependency-check-core,org.owasp.dependencycheck.analyzer,NexusAnalyzer,256,47,41,1,58,15,24,8,3,8
Dependency-Check Command Line/dependency-check-core,org.owasp.dependencycheck.analyzer,CentralAnalyzer,102,200,22,22,18,53,15,17,0,10
Dependency-Check Command Line/dependency-check-core,org.owasp.dependencycheck.analyzer,FileNameAnalyzer,0,96,1,7,0,19,1,9,0,6
Dependency-Check Command Line/dependency-check-core,org.owasp.dependencycheck.analyzer,JarAnalyzer,545,2179,141,277,67,409,119,116,0,26
Dependency-Check Command Line/dependency-check-core,org.owasp.dependencycheck.analyzer,NspAnalyzer,194,471,26,26,31,84,21,15,0,10
Dependency-Check Command Line/dependency-check-core,org.owasp.dependencycheck.analyzer,RubyBundleAuditAnalyzer,841,127,101,5,179,35,60,9,7,9
Dependency-Check Command Line/dependency-check-core,org.owasp.dependencycheck.analyzer,FalsePositiveAnalyzer,251,745,93,137,33,142,73,58,0,16
Dependency-Check Command Line/dependency-check-core,org.owasp.dependencycheck.analyzer,CPEAnalyzer.IdentifierMatch,123,46,20,0,22,9,16,5,6,5
Dependency-Check Command Line/dependency-check-core,org.owasp.dependencycheck.analyzer,RubyBundlerAnalyzer,50,88,16,14,10,20,12,7,0,4
Dependency-Check Command Line/dependency-check-core,org.owasp.dependencycheck.analyzer,RubyGemspecAnalyzer.new FilenameFilter() {...},10,0,0,0,2,0,2,0,2,0
Dependency-Check Command Line/dependency-check-core,org.owasp.dependencycheck.analyzer,SwiftPackageManagerAnalyzer,8,131,8,8,3,36,8,10,0,10
Dependency-Check Command Line/dependency-check-core,org.owasp.dependencycheck.analyzer,HintAnalyzer,167,385,25,53,39,87,17,30,0,8
Dependency-Check Command Line/dependency-check-core,org.owasp.dependencycheck.analyzer,NvdCveAnalyzer,59,91,3,7,17,28,3,12,1,9
Dependency-Check Command Line/dependency-check-core,org.owasp.dependencycheck.analyzer,CpeSuppressionAnalyzer,1,35,2,4,1,10,2,7,0,6
Dependency-Check Command Line/dependency-check-core,org.owasp.dependencycheck.analyzer,PythonDistributionAnalyzer,130,385,32,32,19,86,27,20,0,15
Dependency-Check Command Line/dependency-check-core,org.owasp.dependencycheck.analyzer,RubyBundlerAnalyzer.new FilenameFilter() {...},0,14,0,0,0,2,0,2,0,2
Dependency-Check Command Line/dependency-check-core,org.owasp.dependencycheck.analyzer,CPEAnalyzer.IdentifierConfidence,9,39,0,0,0,4,2,2,2,2
Dependency-Check Command Line/dependency-check-core,org.owasp.dependencycheck.analyzer,JarAnalyzer.ClassNameInformation,4,74,0,8,2,18,1,7,1,3
Dependency-Check Command Line/dependency-check-core,org.owasp.dependencycheck.analyzer,DependencyBundlingAnalyzer,177,604,67,117,41,119,56,56,2,18
Dependency-Check Command Line/dependency-check-core,org.owasp.dependencycheck.data.nuget,NugetPackage,145,45,30,0,14,19,17,13,2,13
Dependency-Check Command Line/dependency-check-core,org.owasp.dependencycheck.data.nuget,XPathNuspecParser,2,107,4,6,1,18,4,4,0,3
Dependency-Check Command Line/dependency-check-core,org.owasp.dependencycheck.data.nuget,NuspecParseException,3,9,0,0,2,4,1,2,1,2
Dependency-Check Command Line/dependency-check-core,org.owasp.dependencycheck.exception,ScanAgentException,16,0,0,0,8,0,4,0,4,0
Dependency-Check Command Line/dependency-check-core,org.owasp.dependencycheck.exception,InitializationException,11,5,0,0,6,2,3,1,3,1
Dependency-Check Command Line/dependency-check-core,org.owasp.dependencycheck.exception,DependencyNotFoundException,16,0,0,0,8,0,4,0,4,0
Dependency-Check Command Line/dependency-check-core,org.owasp.dependencycheck.exception,NoDataException,16,0,0,0,8,0,4,0,4,0
Dependency-Check Command Line/dependency-check-core,org.owasp.dependencycheck.exception,ReportException,16,0,0,0,8,0,4,0,4,0
Dependency-Check Command Line/dependency-check-core,org.owasp.dependencycheck.exception,ExceptionCollection,146,64,6,4,43,17,15,5,11,4
Dependency-Check Command Line/dependency-check-core,org.owasp.dependencycheck.data.nvdcve,DriverShim,107,27,14,0,24,6,15,4,8,4
Dependency-Check Command Line/dependency-check-core,org.owasp.dependencycheck.data.nvdcve,DatabaseProperties,16,127,3,9,4,29,3,12,0,9
Dependency-Check Command Line/dependency-check-core,org.owasp.dependencycheck.data.nvdcve,DriverLoader,53,135,1,9,8,28,2,8,1,4
Dependency-Check Command Line/dependency-check-core,org.owasp.dependencycheck.data.nvdcve,CveDB,420,1354,29,141,97,342,29,87,3,28
Dependency-Check Command Line/dependency-check-core,org.owasp.dependencycheck.data.nvdcve,CorruptDatabaseException,9,0,0,0,4,0,2,0,2,0
Dependency-Check Command Line/dependency-check-core,org.owasp.dependencycheck.data.nvdcve,CveDB.PreparedStatementCveDb,5,233,0,0,0,23,1,3,1,3
Dependency-Check Command Line/dependency-check-core,org.owasp.dependencycheck.data.nvdcve,DriverLoadException,8,5,0,0,4,2,2,1,2,1
Dependency-Check Command Line/dependency-check-core,org.owasp.dependencycheck.data.nvdcve,DatabaseException,13,0,0,0,6,0,3,0,3,0
Dependency-Check Command Line/dependency-check-core,org.owasp.dependencycheck.data.nvdcve,DriverLoader.new PrivilegedAction() {...},0,23,0,0,0,2,0,2,0,2
Dependency-Check Command Line/dependency-check-core,org.owasp.dependencycheck.data.nvdcve,ConnectionFactory,350,299,27,21,74,112,21,13,1,9
Dependency-Check Command Line/dependency-check-core,org.owasp.dependencycheck.xml.suppression,SuppressionErrorHandler,6,18,0,0,1,5,1,4,1,4
Dependency-Check Command Line/dependency-check-core,org.owasp.dependencycheck.xml.suppression,SuppressionParseException,12,4,0,0,6,2,3,1,3,1
Dependency-Check Command Line/dependency-check-core,org.owasp.dependencycheck.xml.suppression,PropertyType,74,100,14,14,10,28,12,13,2,9
Dependency-Check Command Line/dependency-check-core,org.owasp.dependencycheck.xml.suppression,SuppressionParser,120,161,19,15,10,25,17,5,0,5
Dependency-Check Command Line/dependency-check-core,org.owasp.dependencycheck.xml.suppression,SuppressionHandler,18,218,18,34,3,44,17,23,0,6
Dependency-Check Command Line/dependency-check-core,org.owasp.dependencycheck.xml.suppression,SuppressionRule,216,434,37,81,42,120,26,68,6,29
Dependency-Check Command Line/dependency-check-core,org.owasp.dependencycheck.data.cpe,IndexEntry,81,96,21,11,12,23,20,9,5,8
Dependency-Check Command Line/dependency-check-core,org.owasp.dependencycheck.data.cpe,CpeMemoryIndex,113,283,23,17,15,70,20,13,2,11
Dependency-Check Command Line/dependency-check-core,org.owasp.dependencycheck.data.cpe,IndexException,16,0,0,0,8,0,4,0,4,0
Dependency-Check Command Line/dependency-check-core,org.owasp.dependencycheck.data.cpe,Fields,3,0,0,0,2,0,1,0,1,0
Dependency-Check Command Line/dependency-check-core,org.owasp.dependencycheck.xml.pom,PomParseException,16,0,0,0,8,0,4,0,4,0
Dependency-Check Command Line/dependency-check-core,org.owasp.dependencycheck.xml.pom,PomHandler,0,312,20,64,0,52,20,38,0,5
Dependency-Check Command Line/dependency-check-core,org.owasp.dependencycheck.xml.pom,Model,0,199,0,6,0,58,0,30,0,27
Dependency-Check Command Line/dependency-check-core,org.owasp.dependencycheck.xml.pom,PomParser,69,75,6,4,8,17,4,5,0,4
Dependency-Check Command Line/dependency-check-core,org.owasp.dependencycheck.xml.pom,License,62,57,14,6,8,17,12,7,2,7
Dependency-Check Command Line/dependency-check-core,org.owasp.dependencycheck.xml.pom,PomUtils,140,25,5,1,36,8,5,3,2,3
Dependency-Check Command Line/dependency-check-core,org.owasp.dependencycheck.xml.pom,Model.PropertyLookup,0,11,0,0,0,4,0,2,0,2
Dependency-Check Command Line/dependency-check-core,org.owasp.dependencycheck.data.update.nvd,NvdCve20Handler.Element,3,82,0,0,1,18,1,17,1,17
Dependency-Check Command Line/dependency-check-core,org.owasp.dependencycheck.data.update.nvd,DownloadTask,135,242,31,23,26,42,28,10,3,8
Dependency-Check Command Line/dependency-check-core,org.owasp.dependencycheck.data.update.nvd,NvdCve12Handler.Element,8,27,0,0,2,7,2,6,2,6
Dependency-Check Command Line/dependency-check-core,org.owasp.dependencycheck.data.update.nvd,NvdCve12Handler,15,236,4,30,1,50,4,17,0,4
Dependency-Check Command Line/dependency-check-core,org.owasp.dependencycheck.data.update.nvd,NvdCveInfo,0,41,0,0,0,17,0,11,0,11
Dependency-Check Command Line/dependency-check-core,org.owasp.dependencycheck.data.update.nvd,NvdCve20Handler.AttributeValues,3,0,0,0,1,0,1,0,1,0
Dependency-Check Command Line/dependency-check-core,org.owasp.dependencycheck.data.update.nvd,ProcessTask,28,107,0,0,6,32,1,6,1,6
Dependency-Check Command Line/dependency-check-core,org.owasp.dependencycheck.data.update.nvd,UpdateableNvdCve,13,98,0,4,1,27,1,13,1,11
Dependency-Check Command Line/dependency-check-core,org.owasp.dependencycheck.data.update.nvd,NvdCve20Handler,40,504,4,82,10,112,5,48,1,9
Dependency-Check Command Line/dependency-check-core,org.owasp.dependencycheck.utils,DependencyVersionUtil,3,113,2,22,2,33,3,13,1,3
Dependency-Check Command Line/dependency-check-core,org.owasp.dependencycheck.utils,ExtractionUtil,604,172,91,21,64,36,57,8,3,6
Dependency-Check Command Line/dependency-check-core,org.owasp.dependencycheck.utils,Filter.FilterIterator,8,52,2,8,2,17,3,7,1,4
Dependency-Check Command Line/dependency-check-core,org.owasp.dependencycheck.utils,DateUtil,3,21,0,2,2,2,1,2,1,1
Dependency-Check Command Line/dependency-check-core,org.owasp.dependencycheck.utils,UrlStringUtils,3,187,1,17,2,26,2,12,1,4
Dependency-Check Command Line/dependency-check-core,org.owasp.dependencycheck.utils,Filter.new Iterable() {...},0,16,0,0,0,2,0,2,0,2
Dependency-Check Command Line/dependency-check-core,org.owasp.dependencycheck.utils,DBUtils,31,41,4,6,9,17,5,5,1,4
Dependency-Check Command Line/dependency-check-core,org.owasp.dependencycheck.utils,DependencyVersion,10,358,8,62,5,85,8,38,0,11
Dependency-Check Command Line/dependency-check-core,org.owasp.dependencycheck.utils,FileFilterBuilder,9,132,3,13,1,24,2,13,0,7
Dependency-Check Command Line/dependency-check-core,org.owasp.dependencycheck.utils,Filter,0,16,0,0,0,4,0,3,0,3
Dependency-Check Command Line/dependency-check-core,org.owasp.dependencycheck.utils,Pair,66,50,17,3,14,12,13,5,4,4
Dependency-Check Command Line/dependency-check-core,org.owasp.dependencycheck.data.update.exception,InvalidDataException,9,0,0,0,4,0,2,0,2,0
Dependency-Check Command Line/dependency-check-core,org.owasp.dependencycheck.data.update.exception,UpdateException,16,0,0,0,8,0,4,0,4,0
Dependency-Check Command Line/dependency-check-core,org.owasp.dependencycheck.data.central,CentralSearch,30,246,3,21,7,53,3,12,0,3
Dependency-Check Command Line/dependency-check-core,org.owasp.dependencycheck.agent,DependencyCheckScanAgent,701,0,38,0,216,0,93,0,74,0
Dependency-Check Command Line/dependency-check-core,org.owasp.dependencycheck.data.nsp,SanitizePackage,3,75,0,4,2,7,1,4,1,2
Dependency-Check Command Line/dependency-check-core,org.owasp.dependencycheck.data.nsp,NspSearch,137,264,25,14,9,54,17,6,0,3
Dependency-Check Command Line/dependency-check-core,org.owasp.dependencycheck.data.nsp,Advisory,35,93,3,1,10,40,9,24,7,24
Dependency-Check Command Line/dependency-check-core,org.owasp.dependencycheck.dependency,Vulnerability,120,229,17,9,25,80,15,42,5,39
Dependency-Check Command Line/dependency-check-core,org.owasp.dependencycheck.dependency,Reference,86,84,25,3,11,16,16,9,2,9
Dependency-Check Command Line/dependency-check-core,org.owasp.dependencycheck.dependency,EvidenceCollection.new Filter() {...},0,6,0,0,0,2,0,2,0,2
Dependency-Check Command Line/dependency-check-core,org.owasp.dependencycheck.dependency,EvidenceCollection.new Object() {...},3,23,0,0,0,1,0,1,0,1
Dependency-Check Command Line/dependency-check-core,org.owasp.dependencycheck.dependency,EvidenceCollection.new Filter() {...},0,11,0,2,0,2,0,3,0,2
Dependency-Check Command Line/dependency-check-core,org.owasp.dependencycheck.dependency,EvidenceCollection.new Filter() {...},0,11,0,2,0,2,0,3,0,2
Dependency-Check Command Line/dependency-check-core,org.owasp.dependencycheck.dependency,EvidenceCollection.new Filter() {...},0,11,0,2,0,2,0,3,0,2
Dependency-Check Command Line/dependency-check-core,org.owasp.dependencycheck.dependency,EvidenceCollection.new Filter() {...},0,11,0,2,0,2,0,3,0,2
Dependency-Check Command Line/dependency-check-core,org.owasp.dependencycheck.dependency,VulnerabilityComparator,0,9,0,0,0,2,0,2,0,2
Dependency-Check Command Line/dependency-check-core,org.owasp.dependencycheck.dependency,Evidence,60,175,12,22,17,35,17,18,6,12
Dependency-Check Command Line/dependency-check-core,org.owasp.dependencycheck.dependency,EvidenceCollection,52,441,17,49,15,94,14,40,1,19
Dependency-Check Command Line/dependency-check-core,org.owasp.dependencycheck.dependency,Dependency,74,685,9,33,27,135,18,63,9,51
Dependency-Check Command Line/dependency-check-core,org.owasp.dependencycheck.dependency,Vulnerability.Source,9,29,0,0,0,3,2,2,2,2
Dependency-Check Command Line/dependency-check-core,org.owasp.dependencycheck.dependency,VulnerableSoftware,89,346,13,63,23,77,16,44,5,17
Dependency-Check Command Line/dependency-check-core,org.owasp.dependencycheck.dependency,Identifier,65,104,19,3,17,27,16,14,5,14
Dependency-Check Command Line/dependency-check-core,org.owasp.dependencycheck.dependency,Confidence,0,58,0,0,0,5,0,4,0,4
Dependency-Check Command Line/dependency-check-core,org.owasp.dependencycheck.data.composer,ComposerDependency,52,66,18,10,6,16,13,7,1,5
Dependency-Check Command Line/dependency-check-core,org.owasp.dependencycheck.data.composer,ComposerException,7,5,0,0,4,2,2,1,2,1
Dependency-Check Command Line/dependency-check-core,org.owasp.dependencycheck.data.composer,ComposerLockParser,15,155,5,9,4,34,5,6,0,4
Dependency-Check Command Line/dependency-check-core,org.owasp.dependencycheck.data.lucene,AbstractTokenizingFilter,0,45,0,4,0,12,0,6,0,4
Dependency-Check Command Line/dependency-check-core,org.owasp.dependencycheck.data.lucene,LuceneUtils,3,51,1,9,2,15,2,7,1,3
Dependency-Check Command Line/dependency-check-core,org.owasp.dependencycheck.data.lucene,FieldAnalyzer,0,43,0,0,0,9,0,2,0,2
Dependency-Check Command Line/dependency-check-core,org.owasp.dependencycheck.data.lucene,SearchFieldAnalyzer,0,64,0,2,0,15,0,4,0,3
Dependency-Check Command Line/dependency-check-core,org.owasp.dependencycheck.data.lucene,UrlTokenizingFilter,15,72,1,9,4,17,1,7,0,3
Dependency-Check Command Line/dependency-check-core,org.owasp.dependencycheck.data.lucene,AlphaNumericTokenizer,6,15,0,4,2,3,1,4,1,2
Dependency-Check Command Line/dependency-check-core,org.owasp.dependencycheck.data.lucene,TokenPairConcatenatingFilter,106,99,28,8,15,26,16,9,2,5
Dependency-Check Command Line/dependency-check-core,org.owasp.dependencycheck.data.lucene,DependencySimilarity,5,0,0,0,2,0,2,0,2,0
Dependency-Check Command Line/dependency-check-core,org.owasp.dependencycheck.reporting,ReportGenerator.Format,0,78,0,0,0,7,0,4,0,4
Dependency-Check Command Line/dependency-check-core,org.owasp.dependencycheck.reporting,EscapeTool,10,156,0,40,4,41,0,29,0,9
Dependency-Check Command Line/dependency-check-core,org.owasp.dependencycheck.reporting,VelocityLoggerRedirect,47,21,10,2,20,10,10,6,1,5
Dependency-Check Command Line/dependency-check-core,org.owasp.dependencycheck.reporting,ReportGenerator,328,532,61,56,45,118,45,31,0,13
Dependency-Check Command Line/dependency-check-core,org.owasp.dependencycheck.reporting,ReportGenerator.new Object() {...},10,65,0,0,0,1,0,1,0,1
Dependency-Check Command Line/dependency-check-core,org.owasp.dependencycheck.data.nexus,MavenArtifact,38,132,2,4,18,23,9,9,7,8
Dependency-Check Command Line/dependency-check-core,org.owasp.dependencycheck.data.nexus,NexusSearch,209,0,19,0,50,0,14,0,4,0
Dependency-Check Command Line/dependency-check-core,org.owasp.dependencycheck.xml.hints,HintHandler.ParentType,5,43,0,0,0,4,1,3,1,3
Dependency-Check Command Line/dependency-check-core,org.owasp.dependencycheck.xml.hints,Hints,0,17,0,0,0,7,0,5,0,5
Dependency-Check Command Line/dependency-check-core,org.owasp.dependencycheck.xml.hints,HintErrorHandler,11,13,0,0,3,3,2,3,2,3
Dependency-Check Command Line/dependency-check-core,org.owasp.dependencycheck.xml.hints,HintRule,0,197,0,0,0,41,0,21,0,21
Dependency-Check Command Line/dependency-check-core,org.owasp.dependencycheck.xml.hints,HintHandler.new Object() {...},3,23,0,0,0,1,0,1,0,1
Dependency-Check Command Line/dependency-check-core,org.owasp.dependencycheck.xml.hints,HintParseException,16,0,0,0,8,0,4,0,4,0
Dependency-Check Command Line/dependency-check-core,org.owasp.dependencycheck.xml.hints,VendorDuplicatingHintRule,8,15,0,0,4,6,2,3,2,3
Dependency-Check Command Line/dependency-check-core,org.owasp.dependencycheck.xml.hints,HintParser,120,172,19,15,10,28,17,5,0,5
Dependency-Check Command Line/dependency-check-core,org.owasp.dependencycheck.xml.hints,HintHandler,3,317,22,50,3,63,22,30,0,5
Dependency-Check Command Line/dependency-check-core,org.owasp.dependencycheck.data.cwe,CweHandler,41,0,4,0,8,0,5,0,3,0
Dependency-Check Command Line/dependency-check-core,org.owasp.dependencycheck.data.cwe,CweDB,84,47,13,5,10,10,10,3,1,3
Dependency-Check Command Line/dependency-check-core,org.owasp.dependencycheck.data.update.cpe,CPEHandler,133,0,16,0,32,0,14,0,6,0
Dependency-Check Command Line/dependency-check-core,org.owasp.dependencycheck.data.update.cpe,Cpe,75,0,2,0,19,0,9,0,8,0
Dependency-Check Command Line/dependency-check-core,org.owasp.dependencycheck.data.update.cpe,CPEHandler.Element,73,0,0,0,17,0,15,0,15,0
Dependency-Check Command Line/dependency-check-core,org.owasp.dependencycheck.data.update,EngineVersionCheck,112,206,31,19,17,54,24,8,1,6
Dependency-Check Command Line/dependency-check-core,org.owasp.dependencycheck.data.update,NvdCveUpdater,435,650,81,71,86,159,61,28,1,12
Dependency-Check Command Line/dependency-check-core,org.owasp.dependencycheck.data.update,NvdCveUpdater.TimestampRetriever,5,29,0,0,0,8,0,2,0,2
Dependency-Check Command Line/dependency-check-core,org.owasp.dependencycheck.data.update,UpdateService,0,12,0,0,0,4,0,2,0,2
Dependency-Check Command Line/dependency-check-core,org.owasp.dependencycheck.data.update,CpeUpdater,3,0,0,0,1,0,1,0,1,0
Dependency-Check Command Line/dependency-check-core,org.owasp.dependencycheck.xml,XmlEntity,3,1551,0,4,2,262,1,4,1,2
Dependency-Check Command Line/dependency-check-core,org.owasp.dependencycheck.xml,XmlInputStream,11,342,7,41,3,64,6,30,0,12
Dependency-Check Command Line/dependency-check-core,org.owasp.dependencycheck.analyzer.exception,AnalysisException,7,9,0,0,4,4,2,2,2,2
Dependency-Check Command Line/dependency-check-core,org.owasp.dependencycheck.analyzer.exception,ArchiveExtractionException,16,0,0,0,8,0,4,0,4,0
Dependency-Check Command Line/dependency-check-utils,org.owasp.dependencycheck.utils,DownloadFailedException,16,0,0,0,8,0,4,0,4,0
Dependency-Check Command Line/dependency-check-utils,org.owasp.dependencycheck.utils,Downloader,546,241,52,24,75,74,36,11,2,7
Dependency-Check Command Line/dependency-check-utils,org.owasp.dependencycheck.utils,InvalidSettingException,12,4,0,0,6,2,3,1,3,1
Dependency-Check Command Line/dependency-check-utils,org.owasp.dependencycheck.utils,SSLSocketFactoryEx,181,112,8,6,37,29,16,7,11,5
Dependency-Check Command Line/dependency-check-utils,org.owasp.dependencycheck.utils,URLConnectionFactory,183,75,39,5,42,27,22,6,2,4
Dependency-Check Command Line/dependency-check-utils,org.owasp.dependencycheck.utils,FileUtils,45,94,8,10,12,20,9,9,2,7
Dependency-Check Command Line/dependency-check-utils,org.owasp.dependencycheck.utils,URLConnectionFailureException,16,0,0,0,8,0,4,0,4,0
Dependency-Check Command Line/dependency-check-utils,org.owasp.dependencycheck.utils,URLConnectionFactory.new Authenticator() {...},52,0,6,0,10,0,5,0,2,0
Dependency-Check Command Line/dependency-check-utils,org.owasp.dependencycheck.utils,Settings,266,535,45,55,31,133,38,47,3,32
Dependency-Check Command Line/dependency-check-utils,org.owasp.dependencycheck.utils,Checksum,65,126,14,10,3,24,11,6,1,4
Dependency-Check Command Line/dependency-check-utils,org.owasp.dependencycheck.utils,XmlUtils,21,103,4,4,4,28,5,4,1,4
Dependency-Check Command Line/dependency-check-utils,org.owasp.dependencycheck.utils,ExpectedObjectInputStream,0,32,0,2,0,7,0,3,0,2
Dependency-Check Command Line/dependency-check-utils,org.owasp.dependencycheck.utils,ExtractionException,16,0,0,0,8,0,4,0,4,0
Dependency-Check Command Line/dependency-check-utils,org.owasp.dependencycheck.utils,Settings.KEYS,3,0,0,0,2,0,1,0,1,0
